# JRE version: OpenJDK Runtime Environment Corretto-17.0.6.10.1 (17.0.6+10) (build 17.0.6+10-LTS)
# Java VM: OpenJDK 64-Bit Server VM Corretto-17.0.6.10.1 (17.0.6+10-LTS, mixed mode, sharing, tiered, compressed oops, compressed class ptrs, g1 gc, windows-amd64)
GC Precious Log:
 CPUs: 16 total, 16 available
 Memory: 24499M
 Large Page Support: Disabled
 NUMA Support: Disabled
 Compressed Oops: Enabled (32-bit)
 Heap Region Size: 1M
 Heap Min Capacity: 8M
 Heap Initial Capacity: 384M
 Heap Max Capacity: 2G
 Pre-touch: Disabled
 Parallel Workers: 13
 Concurrent Workers: 3
 Concurrent Refinement Workers: 13
 Periodic GC: Disabled
Heap:
 garbage-first heap   total 126976K, used 37138K [0x0000000080000000, 0x0000000100000000)
  region size 1024K, 6 young (6144K), 2 survivors (2048K)
 Metaspace       used 39879K, committed 40320K, reserved 1089536K
  class space    used 5521K, committed 5696K, reserved 1048576K
GC Heap History (16 events):
Event: 0.465 GC heap before
{Heap before GC invocations=0 (full 0):
 garbage-first heap   total 393216K, used 26624K [0x0000000080000000, 0x0000000100000000)
  region size 1024K, 23 young (23552K), 0 survivors (0K)
 Metaspace       used 3047K, committed 3200K, reserved 1056768K
  class space    used 381K, committed 448K, reserved 1048576K
}
Event: 0.469 GC heap after
{Heap after GC invocations=1 (full 0):
 garbage-first heap   total 393216K, used 10406K [0x0000000080000000, 0x0000000100000000)
  region size 1024K, 3 young (3072K), 3 survivors (3072K)
 Metaspace       used 3047K, committed 3200K, reserved 1056768K
  class space    used 381K, committed 448K, reserved 1048576K
}
Event: 0.785 GC heap before
{Heap before GC invocations=1 (full 0):
 garbage-first heap   total 393216K, used 40102K [0x0000000080000000, 0x0000000100000000)
  region size 1024K, 31 young (31744K), 3 survivors (3072K)
 Metaspace       used 3983K, committed 4160K, reserved 1056768K
  class space    used 477K, committed 576K, reserved 1048576K
}
Event: 0.788 GC heap after
{Heap after GC invocations=2 (full 0):
 garbage-first heap   total 393216K, used 13514K [0x0000000080000000, 0x0000000100000000)
  region size 1024K, 3 young (3072K), 3 survivors (3072K)
 Metaspace       used 3983K, committed 4160K, reserved 1056768K
  class space    used 477K, committed 576K, reserved 1048576K
}
Event: 2.478 GC heap before
{Heap before GC invocations=2 (full 0):
 garbage-first heap   total 393216K, used 115914K [0x0000000080000000, 0x0000000100000000)
  region size 1024K, 104 young (106496K), 3 survivors (3072K)
 Metaspace       used 21244K, committed 21504K, reserved 1073152K
  class space    used 3150K, committed 3264K, reserved 1048576K
}
Event: 2.485 GC heap after
{Heap after GC invocations=3 (full 0):
 garbage-first heap   total 393216K, used 22009K [0x0000000080000000, 0x0000000100000000)
  region size 1024K, 12 young (12288K), 12 survivors (12288K)
 Metaspace       used 21244K, committed 21504K, reserved 1073152K
  class space    used 3150K, committed 3264K, reserved 1048576K
}
Event: 3.103 GC heap before
{Heap before GC invocations=4 (full 0):
 garbage-first heap   total 81920K, used 57849K [0x0000000080000000, 0x0000000100000000)
  region size 1024K, 48 young (49152K), 12 survivors (12288K)
 Metaspace       used 28842K, committed 29248K, reserved 1081344K
  class space    used 4127K, committed 4352K, reserved 1048576K
}
Event: 3.111 GC heap after
{Heap after GC invocations=5 (full 0):
 garbage-first heap   total 81920K, used 26004K [0x0000000080000000, 0x0000000100000000)
  region size 1024K, 5 young (5120K), 5 survivors (5120K)
 Metaspace       used 28842K, committed 29248K, reserved 1081344K
  class space    used 4127K, committed 4352K, reserved 1048576K
}
Event: 3.416 GC heap before
{Heap before GC invocations=5 (full 0):
 garbage-first heap   total 81920K, used 59796K [0x0000000080000000, 0x0000000100000000)
  region size 1024K, 36 young (36864K), 5 survivors (5120K)
 Metaspace       used 31535K, committed 31936K, reserved 1081344K
  class space    used 4351K, committed 4544K, reserved 1048576K
}
Event: 3.420 GC heap after
{Heap after GC invocations=6 (full 0):
 garbage-first heap   total 81920K, used 29497K [0x0000000080000000, 0x0000000100000000)
  region size 1024K, 4 young (4096K), 4 survivors (4096K)
 Metaspace       used 31535K, committed 31936K, reserved 1081344K
  class space    used 4351K, committed 4544K, reserved 1048576K
}
Event: 3.818 GC heap before
{Heap before GC invocations=6 (full 0):
 garbage-first heap   total 81920K, used 60217K [0x0000000080000000, 0x0000000100000000)
  region size 1024K, 34 young (34816K), 4 survivors (4096K)
 Metaspace       used 34134K, committed 34496K, reserved 1081344K
  class space    used 4739K, committed 4928K, reserved 1048576K
}
Event: 3.821 GC heap after
{Heap after GC invocations=7 (full 0):
 garbage-first heap   total 81920K, used 32184K [0x0000000080000000, 0x0000000100000000)
  region size 1024K, 4 young (4096K), 4 survivors (4096K)
 Metaspace       used 34134K, committed 34496K, reserved 1081344K
  class space    used 4739K, committed 4928K, reserved 1048576K
}
Event: 3.948 GC heap before
{Heap before GC invocations=7 (full 0):
 garbage-first heap   total 81920K, used 42424K [0x0000000080000000, 0x0000000100000000)
  region size 1024K, 15 young (15360K), 4 survivors (4096K)
 Metaspace       used 35729K, committed 36096K, reserved 1081344K
  class space    used 4946K, committed 5120K, reserved 1048576K
}
Event: 3.950 GC heap after
{Heap after GC invocations=8 (full 0):
 garbage-first heap   total 81920K, used 34099K [0x0000000080000000, 0x0000000100000000)
  region size 1024K, 1 young (1024K), 1 survivors (1024K)
 Metaspace       used 35729K, committed 36096K, reserved 1081344K
  class space    used 4946K, committed 5120K, reserved 1048576K
}
Event: 4.328 GC heap before
{Heap before GC invocations=9 (full 0):
 garbage-first heap   total 81920K, used 62771K [0x0000000080000000, 0x0000000100000000)
  region size 1024K, 29 young (29696K), 1 survivors (1024K)
 Metaspace       used 39641K, committed 40064K, reserved 1089536K
  class space    used 5480K, committed 5696K, reserved 1048576K
}
Event: 4.330 GC heap after
{Heap after GC invocations=10 (full 0):
 garbage-first heap   total 237568K, used 34066K [0x0000000080000000, 0x0000000100000000)
  region size 1024K, 2 young (2048K), 2 survivors (2048K)
 Metaspace       used 39641K, committed 40064K, reserved 1089536K
  class space    used 5480K, committed 5696K, reserved 1048576K
}

